
2019-05-02 16:51:53,102 INFO  [TC1] login successfully 
2019-05-02 16:51:58,280 INFO  [ ] Not Match 
2019-05-02 16:56:56,123 INFO  [TC1] login successfully 
2019-05-02 16:57:01,307 INFO  [ ] Not Match 
2019-05-02 17:02:19,258 INFO  [TC1] login successfully 
2019-05-02 17:02:24,425 INFO  [ ] Not Match 
2019-05-02 17:03:39,321 INFO  [TC1] login successfully 
2019-05-02 17:03:44,341 INFO  [TC1] Match 
2019-05-02 17:03:45,052 INFO  [TC1] tc1 PASSESD 
2019-05-02 17:05:40,254 INFO  [TC1] login successfully 
2019-05-02 17:05:45,267 INFO  [TC1] Match 
2019-05-02 17:05:45,966 INFO  [TC1] tc1 PASSESD 
2019-05-27 15:30:31,839 INFO  [TC1] login successfully 
2019-05-27 15:30:36,878 INFO  [TC1] Match 
2019-05-27 15:30:37,751 INFO  [TC1] tc1 PASSESD 
2019-06-10 13:04:41,631 INFO  [TC2] tc 2 login 
2019-06-10 13:04:43,526 INFO  [TC2] TC2 pass 
2019-06-10 13:04:58,306 INFO  [TC1] login successfully 
2019-06-10 13:05:03,339 INFO  [TC1] Match 
2019-06-10 13:05:04,057 INFO  [TC1] tc1 PASSESD 
2019-06-10 13:05:32,954 INFO  [TC4] TC4 Failed 
2019-06-10 13:05:49,478 INFO  [TC3] TC3 login successful 
2019-06-10 13:05:55,366 INFO  [TC3] TC3 passed 
2019-06-10 13:12:54,052 INFO  [TC1] login successfully 
2019-06-10 13:12:59,084 INFO  [TC1] Match 
2019-06-10 13:12:59,841 INFO  [TC1] tc1 PASSESD 
2019-06-10 13:13:16,608 INFO  [TC2] tc 2 login 
2019-06-10 13:13:18,350 INFO  [TC2] TC2 pass 
